Created by PLY version 3.11 (http://www.dabeaz.com/ply)

Grammar

Rule 0     S' -> start
Rule 1     start -> programa
Rule 2     programa -> programa sentencia
Rule 3     programa -> sentencia
Rule 4     sentencia -> asignacion PUNTO_Y_COMA
Rule 5     sentencia -> iteracion
Rule 6     sentencia -> seleccion
Rule 7     sentencia -> bloque_declaracion
Rule 8     sentencia -> read PUNTO_Y_COMA
Rule 9     sentencia -> write PUNTO_Y_COMA
Rule 10    read -> READ A_PARENTESIS elemento C_PARENTESIS
Rule 11    write -> WRITE A_PARENTESIS elemento C_PARENTESIS
Rule 12    bloque_declaracion -> INIT A_LLAVE declaraciones C_LLAVE
Rule 13    declaraciones -> declaraciones declaracion
Rule 14    declaraciones -> declaracion
Rule 15    declaracion -> lista_variables DOS_PUNTOS tipo_dato PUNTO_Y_COMA
Rule 16    lista_variables -> VARIABLE
Rule 17    lista_variables -> lista_variables COMA VARIABLE
Rule 18    tipo_dato -> FLOAT
Rule 19    tipo_dato -> INT
Rule 20    tipo_dato -> STR
Rule 21    tipo_dato -> BIN
Rule 22    seleccion -> IF A_PARENTESIS condicion C_PARENTESIS bloque
Rule 23    seleccion -> IF A_PARENTESIS condicion C_PARENTESIS bloque ELSE bloque
Rule 24    iteracion -> WHILE A_PARENTESIS condicion C_PARENTESIS bloque
Rule 25    condicion -> comparacion OR comparacion
Rule 26    condicion -> comparacion AND comparacion
Rule 27    condicion -> NOT comparacion
Rule 28    condicion -> comparacion
Rule 29    comparacion -> expresion comparador expresion
Rule 30    comparacion -> expresion
Rule 31    comparador -> MENORI
Rule 32    comparador -> MENORQ
Rule 33    comparador -> MAYORQ
Rule 34    comparador -> MAYORI
Rule 35    comparador -> IGUALI
Rule 36    comparador -> DISTINTOQ
Rule 37    bloque -> A_LLAVE programa C_LLAVE
Rule 38    asignacion -> VARIABLE ASIGNACION lista
Rule 39    asignacion -> VARIABLE ASIGNACION condicion
Rule 40    sumar_los_ultimos -> SUMAR_LOS_ULTIMOS A_PARENTESIS N_ENTERO PUNTO_Y_COMA lista C_PARENTESIS
Rule 41    contar_binarios -> CONTAR_BINARIOS A_PARENTESIS lista C_PARENTESIS
Rule 42    lista -> A_CORCHETE elementos C_CORCHETE
Rule 43    lista -> A_CORCHETE C_CORCHETE
Rule 44    expresion -> expresion MAS termino
Rule 45    expresion -> MENOS expresion
Rule 46    expresion -> expresion MENOS termino
Rule 47    expresion -> termino
Rule 48    termino -> termino MULTIPLICACION elemento
Rule 49    termino -> termino DIVISION elemento
Rule 50    termino -> elemento
Rule 51    elemento -> A_PARENTESIS expresion C_PARENTESIS
Rule 52    elementos -> elementos COMA elemento
Rule 53    elementos -> elemento
Rule 54    elemento -> N_ENTERO
Rule 55    elemento -> N_DECIMAL
Rule 56    elemento -> N_BINARIO
Rule 57    elemento -> VARIABLE
Rule 58    elemento -> CADENA
Rule 59    elemento -> sumar_los_ultimos
Rule 60    elemento -> contar_binarios

Terminals, with rules where they appear

AND                  : 26
ASIGNACION           : 38 39
A_CORCHETE           : 42 43
A_LLAVE              : 12 37
A_PARENTESIS         : 10 11 22 23 24 40 41 51
BIN                  : 21
CADENA               : 58
COMA                 : 17 52
CONTAR_BINARIOS      : 41
C_CORCHETE           : 42 43
C_LLAVE              : 12 37
C_PARENTESIS         : 10 11 22 23 24 40 41 51
DISTINTOQ            : 36
DIVISION             : 49
DOS_PUNTOS           : 15
ELSE                 : 23
FLOAT                : 18
IF                   : 22 23
IGUALI               : 35
INIT                 : 12
INT                  : 19
MAS                  : 44
MAYORI               : 34
MAYORQ               : 33
MENORI               : 31
MENORQ               : 32
MENOS                : 45 46
MULTIPLICACION       : 48
NOT                  : 27
N_BINARIO            : 56
N_DECIMAL            : 55
N_ENTERO             : 40 54
OR                   : 25
PUNTO_Y_COMA         : 4 8 9 15 40
READ                 : 10
STR                  : 20
SUMAR_LOS_ULTIMOS    : 40
VARIABLE             : 16 17 38 39 57
WHILE                : 24
WRITE                : 11
error                : 

Nonterminals, with rules where they appear

asignacion           : 4
bloque               : 22 23 23 24
bloque_declaracion   : 7
comparacion          : 25 25 26 26 27 28
comparador           : 29
condicion            : 22 23 24 39
contar_binarios      : 60
declaracion          : 13 14
declaraciones        : 12 13
elemento             : 10 11 48 49 50 52 53
elementos            : 42 52
expresion            : 29 29 30 44 45 46 51
iteracion            : 5
lista                : 38 40 41
lista_variables      : 15 17
programa             : 1 2 37
read                 : 8
seleccion            : 6
sentencia            : 2 3
start                : 0
sumar_los_ultimos    : 59
termino              : 44 46 47 48 49
tipo_dato            : 15
write                : 9

Parsing method: LALR

state 0

    (0) S' -> . start
    (1) start -> . programa
    (2) programa -> . programa sentencia
    (3) programa -> . sentencia
    (4) sentencia -> . asignacion PUNTO_Y_COMA
    (5) sentencia -> . iteracion
    (6) sentencia -> . seleccion
    (7) sentencia -> . bloque_declaracion
    (8) sentencia -> . read PUNTO_Y_COMA
    (9) sentencia -> . write PUNTO_Y_COMA
    (38) asignacion -> . VARIABLE ASIGNACION lista
    (39) asignacion -> . VARIABLE ASIGNACION condicion
    (24) iteracion -> . WHILE A_PARENTESIS condicion C_PARENTESIS bloque
    (22) seleccion -> . IF A_PARENTESIS condicion C_PARENTESIS bloque
    (23) seleccion -> . IF A_PARENTESIS condicion C_PARENTESIS bloque ELSE bloque
    (12) bloque_declaracion -> . INIT A_LLAVE declaraciones C_LLAVE
    (10) read -> . READ A_PARENTESIS elemento C_PARENTESIS
    (11) write -> . WRITE A_PARENTESIS elemento C_PARENTESIS

    VARIABLE        shift and go to state 10
    WHILE           shift and go to state 11
    IF              shift and go to state 12
    INIT            shift and go to state 13
    READ            shift and go to state 14
    WRITE           shift and go to state 15

    start                          shift and go to state 1
    programa                       shift and go to state 2
    sentencia                      shift and go to state 3
    asignacion                     shift and go to state 4
    iteracion                      shift and go to state 5
    seleccion                      shift and go to state 6
    bloque_declaracion             shift and go to state 7
    read                           shift and go to state 8
    write                          shift and go to state 9

state 1

    (0) S' -> start .



state 2

    (1) start -> programa .
    (2) programa -> programa . sentencia
    (4) sentencia -> . asignacion PUNTO_Y_COMA
    (5) sentencia -> . iteracion
    (6) sentencia -> . seleccion
    (7) sentencia -> . bloque_declaracion
    (8) sentencia -> . read PUNTO_Y_COMA
    (9) sentencia -> . write PUNTO_Y_COMA
    (38) asignacion -> . VARIABLE ASIGNACION lista
    (39) asignacion -> . VARIABLE ASIGNACION condicion
    (24) iteracion -> . WHILE A_PARENTESIS condicion C_PARENTESIS bloque
    (22) seleccion -> . IF A_PARENTESIS condicion C_PARENTESIS bloque
    (23) seleccion -> . IF A_PARENTESIS condicion C_PARENTESIS bloque ELSE bloque
    (12) bloque_declaracion -> . INIT A_LLAVE declaraciones C_LLAVE
    (10) read -> . READ A_PARENTESIS elemento C_PARENTESIS
    (11) write -> . WRITE A_PARENTESIS elemento C_PARENTESIS

    $end            reduce using rule 1 (start -> programa .)
    VARIABLE        shift and go to state 10
    WHILE           shift and go to state 11
    IF              shift and go to state 12
    INIT            shift and go to state 13
    READ            shift and go to state 14
    WRITE           shift and go to state 15

    sentencia                      shift and go to state 16
    asignacion                     shift and go to state 4
    iteracion                      shift and go to state 5
    seleccion                      shift and go to state 6
    bloque_declaracion             shift and go to state 7
    read                           shift and go to state 8
    write                          shift and go to state 9

state 3

    (3) programa -> sentencia .

    VARIABLE        reduce using rule 3 (programa -> sentencia .)
    WHILE           reduce using rule 3 (programa -> sentencia .)
    IF              reduce using rule 3 (programa -> sentencia .)
    INIT            reduce using rule 3 (programa -> sentencia .)
    READ            reduce using rule 3 (programa -> sentencia .)
    WRITE           reduce using rule 3 (programa -> sentencia .)
    $end            reduce using rule 3 (programa -> sentencia .)
    C_LLAVE         reduce using rule 3 (programa -> sentencia .)


state 4

    (4) sentencia -> asignacion . PUNTO_Y_COMA

    PUNTO_Y_COMA    shift and go to state 17


state 5

    (5) sentencia -> iteracion .

    VARIABLE        reduce using rule 5 (sentencia -> iteracion .)
    WHILE           reduce using rule 5 (sentencia -> iteracion .)
    IF              reduce using rule 5 (sentencia -> iteracion .)
    INIT            reduce using rule 5 (sentencia -> iteracion .)
    READ            reduce using rule 5 (sentencia -> iteracion .)
    WRITE           reduce using rule 5 (sentencia -> iteracion .)
    $end            reduce using rule 5 (sentencia -> iteracion .)
    C_LLAVE         reduce using rule 5 (sentencia -> iteracion .)


state 6

    (6) sentencia -> seleccion .

    VARIABLE        reduce using rule 6 (sentencia -> seleccion .)
    WHILE           reduce using rule 6 (sentencia -> seleccion .)
    IF              reduce using rule 6 (sentencia -> seleccion .)
    INIT            reduce using rule 6 (sentencia -> seleccion .)
    READ            reduce using rule 6 (sentencia -> seleccion .)
    WRITE           reduce using rule 6 (sentencia -> seleccion .)
    $end            reduce using rule 6 (sentencia -> seleccion .)
    C_LLAVE         reduce using rule 6 (sentencia -> seleccion .)


state 7

    (7) sentencia -> bloque_declaracion .

    VARIABLE        reduce using rule 7 (sentencia -> bloque_declaracion .)
    WHILE           reduce using rule 7 (sentencia -> bloque_declaracion .)
    IF              reduce using rule 7 (sentencia -> bloque_declaracion .)
    INIT            reduce using rule 7 (sentencia -> bloque_declaracion .)
    READ            reduce using rule 7 (sentencia -> bloque_declaracion .)
    WRITE           reduce using rule 7 (sentencia -> bloque_declaracion .)
    $end            reduce using rule 7 (sentencia -> bloque_declaracion .)
    C_LLAVE         reduce using rule 7 (sentencia -> bloque_declaracion .)


state 8

    (8) sentencia -> read . PUNTO_Y_COMA

    PUNTO_Y_COMA    shift and go to state 18


state 9

    (9) sentencia -> write . PUNTO_Y_COMA

    PUNTO_Y_COMA    shift and go to state 19


state 10

    (38) asignacion -> VARIABLE . ASIGNACION lista
    (39) asignacion -> VARIABLE . ASIGNACION condicion

    ASIGNACION      shift and go to state 20


state 11

    (24) iteracion -> WHILE . A_PARENTESIS condicion C_PARENTESIS bloque

    A_PARENTESIS    shift and go to state 21


state 12

    (22) seleccion -> IF . A_PARENTESIS condicion C_PARENTESIS bloque
    (23) seleccion -> IF . A_PARENTESIS condicion C_PARENTESIS bloque ELSE bloque

    A_PARENTESIS    shift and go to state 22


state 13

    (12) bloque_declaracion -> INIT . A_LLAVE declaraciones C_LLAVE

    A_LLAVE         shift and go to state 23


state 14

    (10) read -> READ . A_PARENTESIS elemento C_PARENTESIS

    A_PARENTESIS    shift and go to state 24


state 15

    (11) write -> WRITE . A_PARENTESIS elemento C_PARENTESIS

    A_PARENTESIS    shift and go to state 25


state 16

    (2) programa -> programa sentencia .

    VARIABLE        reduce using rule 2 (programa -> programa sentencia .)
    WHILE           reduce using rule 2 (programa -> programa sentencia .)
    IF              reduce using rule 2 (programa -> programa sentencia .)
    INIT            reduce using rule 2 (programa -> programa sentencia .)
    READ            reduce using rule 2 (programa -> programa sentencia .)
    WRITE           reduce using rule 2 (programa -> programa sentencia .)
    $end            reduce using rule 2 (programa -> programa sentencia .)
    C_LLAVE         reduce using rule 2 (programa -> programa sentencia .)


state 17

    (4) sentencia -> asignacion PUNTO_Y_COMA .

    VARIABLE        reduce using rule 4 (sentencia -> asignacion PUNTO_Y_COMA .)
    WHILE           reduce using rule 4 (sentencia -> asignacion PUNTO_Y_COMA .)
    IF              reduce using rule 4 (sentencia -> asignacion PUNTO_Y_COMA .)
    INIT            reduce using rule 4 (sentencia -> asignacion PUNTO_Y_COMA .)
    READ            reduce using rule 4 (sentencia -> asignacion PUNTO_Y_COMA .)
    WRITE           reduce using rule 4 (sentencia -> asignacion PUNTO_Y_COMA .)
    $end            reduce using rule 4 (sentencia -> asignacion PUNTO_Y_COMA .)
    C_LLAVE         reduce using rule 4 (sentencia -> asignacion PUNTO_Y_COMA .)


state 18

    (8) sentencia -> read PUNTO_Y_COMA .

    VARIABLE        reduce using rule 8 (sentencia -> read PUNTO_Y_COMA .)
    WHILE           reduce using rule 8 (sentencia -> read PUNTO_Y_COMA .)
    IF              reduce using rule 8 (sentencia -> read PUNTO_Y_COMA .)
    INIT            reduce using rule 8 (sentencia -> read PUNTO_Y_COMA .)
    READ            reduce using rule 8 (sentencia -> read PUNTO_Y_COMA .)
    WRITE           reduce using rule 8 (sentencia -> read PUNTO_Y_COMA .)
    $end            reduce using rule 8 (sentencia -> read PUNTO_Y_COMA .)
    C_LLAVE         reduce using rule 8 (sentencia -> read PUNTO_Y_COMA .)


state 19

    (9) sentencia -> write PUNTO_Y_COMA .

    VARIABLE        reduce using rule 9 (sentencia -> write PUNTO_Y_COMA .)
    WHILE           reduce using rule 9 (sentencia -> write PUNTO_Y_COMA .)
    IF              reduce using rule 9 (sentencia -> write PUNTO_Y_COMA .)
    INIT            reduce using rule 9 (sentencia -> write PUNTO_Y_COMA .)
    READ            reduce using rule 9 (sentencia -> write PUNTO_Y_COMA .)
    WRITE           reduce using rule 9 (sentencia -> write PUNTO_Y_COMA .)
    $end            reduce using rule 9 (sentencia -> write PUNTO_Y_COMA .)
    C_LLAVE         reduce using rule 9 (sentencia -> write PUNTO_Y_COMA .)


state 20

    (38) asignacion -> VARIABLE ASIGNACION . lista
    (39) asignacion -> VARIABLE ASIGNACION . condicion
    (42) lista -> . A_CORCHETE elementos C_CORCHETE
    (43) lista -> . A_CORCHETE C_CORCHETE
    (25) condicion -> . comparacion OR comparacion
    (26) condicion -> . comparacion AND comparacion
    (27) condicion -> . NOT comparacion
    (28) condicion -> . comparacion
    (29) comparacion -> . expresion comparador expresion
    (30) comparacion -> . expresion
    (44) expresion -> . expresion MAS termino
    (45) expresion -> . MENOS expresion
    (46) expresion -> . expresion MENOS termino
    (47) expresion -> . termino
    (48) termino -> . termino MULTIPLICACION elemento
    (49) termino -> . termino DIVISION elemento
    (50) termino -> . elemento
    (51) elemento -> . A_PARENTESIS expresion C_PARENTESIS
    (54) elemento -> . N_ENTERO
    (55) elemento -> . N_DECIMAL
    (56) elemento -> . N_BINARIO
    (57) elemento -> . VARIABLE
    (58) elemento -> . CADENA
    (59) elemento -> . sumar_los_ultimos
    (60) elemento -> . contar_binarios
    (40) sumar_los_ultimos -> . SUMAR_LOS_ULTIMOS A_PARENTESIS N_ENTERO PUNTO_Y_COMA lista C_PARENTESIS
    (41) contar_binarios -> . CONTAR_BINARIOS A_PARENTESIS lista C_PARENTESIS

    A_CORCHETE      shift and go to state 29
    NOT             shift and go to state 31
    MENOS           shift and go to state 34
    A_PARENTESIS    shift and go to state 36
    N_ENTERO        shift and go to state 37
    N_DECIMAL       shift and go to state 38
    N_BINARIO       shift and go to state 39
    VARIABLE        shift and go to state 26
    CADENA          shift and go to state 40
    SUMAR_LOS_ULTIMOS shift and go to state 43
    CONTAR_BINARIOS shift and go to state 44

    lista                          shift and go to state 27
    condicion                      shift and go to state 28
    comparacion                    shift and go to state 30
    expresion                      shift and go to state 32
    termino                        shift and go to state 33
    elemento                       shift and go to state 35
    sumar_los_ultimos              shift and go to state 41
    contar_binarios                shift and go to state 42

state 21

    (24) iteracion -> WHILE A_PARENTESIS . condicion C_PARENTESIS bloque
    (25) condicion -> . comparacion OR comparacion
    (26) condicion -> . comparacion AND comparacion
    (27) condicion -> . NOT comparacion
    (28) condicion -> . comparacion
    (29) comparacion -> . expresion comparador expresion
    (30) comparacion -> . expresion
    (44) expresion -> . expresion MAS termino
    (45) expresion -> . MENOS expresion
    (46) expresion -> . expresion MENOS termino
    (47) expresion -> . termino
    (48) termino -> . termino MULTIPLICACION elemento
    (49) termino -> . termino DIVISION elemento
    (50) termino -> . elemento
    (51) elemento -> . A_PARENTESIS expresion C_PARENTESIS
    (54) elemento -> . N_ENTERO
    (55) elemento -> . N_DECIMAL
    (56) elemento -> . N_BINARIO
    (57) elemento -> . VARIABLE
    (58) elemento -> . CADENA
    (59) elemento -> . sumar_los_ultimos
    (60) elemento -> . contar_binarios
    (40) sumar_los_ultimos -> . SUMAR_LOS_ULTIMOS A_PARENTESIS N_ENTERO PUNTO_Y_COMA lista C_PARENTESIS
    (41) contar_binarios -> . CONTAR_BINARIOS A_PARENTESIS lista C_PARENTESIS

    NOT             shift and go to state 31
    MENOS           shift and go to state 34
    A_PARENTESIS    shift and go to state 36
    N_ENTERO        shift and go to state 37
    N_DECIMAL       shift and go to state 38
    N_BINARIO       shift and go to state 39
    VARIABLE        shift and go to state 26
    CADENA          shift and go to state 40
    SUMAR_LOS_ULTIMOS shift and go to state 43
    CONTAR_BINARIOS shift and go to state 44

    condicion                      shift and go to state 45
    comparacion                    shift and go to state 30
    expresion                      shift and go to state 32
    termino                        shift and go to state 33
    elemento                       shift and go to state 35
    sumar_los_ultimos              shift and go to state 41
    contar_binarios                shift and go to state 42

state 22

    (22) seleccion -> IF A_PARENTESIS . condicion C_PARENTESIS bloque
    (23) seleccion -> IF A_PARENTESIS . condicion C_PARENTESIS bloque ELSE bloque
    (25) condicion -> . comparacion OR comparacion
    (26) condicion -> . comparacion AND comparacion
    (27) condicion -> . NOT comparacion
    (28) condicion -> . comparacion
    (29) comparacion -> . expresion comparador expresion
    (30) comparacion -> . expresion
    (44) expresion -> . expresion MAS termino
    (45) expresion -> . MENOS expresion
    (46) expresion -> . expresion MENOS termino
    (47) expresion -> . termino
    (48) termino -> . termino MULTIPLICACION elemento
    (49) termino -> . termino DIVISION elemento
    (50) termino -> . elemento
    (51) elemento -> . A_PARENTESIS expresion C_PARENTESIS
    (54) elemento -> . N_ENTERO
    (55) elemento -> . N_DECIMAL
    (56) elemento -> . N_BINARIO
    (57) elemento -> . VARIABLE
    (58) elemento -> . CADENA
    (59) elemento -> . sumar_los_ultimos
    (60) elemento -> . contar_binarios
    (40) sumar_los_ultimos -> . SUMAR_LOS_ULTIMOS A_PARENTESIS N_ENTERO PUNTO_Y_COMA lista C_PARENTESIS
    (41) contar_binarios -> . CONTAR_BINARIOS A_PARENTESIS lista C_PARENTESIS

    NOT             shift and go to state 31
    MENOS           shift and go to state 34
    A_PARENTESIS    shift and go to state 36
    N_ENTERO        shift and go to state 37
    N_DECIMAL       shift and go to state 38
    N_BINARIO       shift and go to state 39
    VARIABLE        shift and go to state 26
    CADENA          shift and go to state 40
    SUMAR_LOS_ULTIMOS shift and go to state 43
    CONTAR_BINARIOS shift and go to state 44

    condicion                      shift and go to state 46
    comparacion                    shift and go to state 30
    expresion                      shift and go to state 32
    termino                        shift and go to state 33
    elemento                       shift and go to state 35
    sumar_los_ultimos              shift and go to state 41
    contar_binarios                shift and go to state 42

state 23

    (12) bloque_declaracion -> INIT A_LLAVE . declaraciones C_LLAVE
    (13) declaraciones -> . declaraciones declaracion
    (14) declaraciones -> . declaracion
    (15) declaracion -> . lista_variables DOS_PUNTOS tipo_dato PUNTO_Y_COMA
    (16) lista_variables -> . VARIABLE
    (17) lista_variables -> . lista_variables COMA VARIABLE

    VARIABLE        shift and go to state 50

    declaraciones                  shift and go to state 47
    declaracion                    shift and go to state 48
    lista_variables                shift and go to state 49

state 24

    (10) read -> READ A_PARENTESIS . elemento C_PARENTESIS
    (51) elemento -> . A_PARENTESIS expresion C_PARENTESIS
    (54) elemento -> . N_ENTERO
    (55) elemento -> . N_DECIMAL
    (56) elemento -> . N_BINARIO
    (57) elemento -> . VARIABLE
    (58) elemento -> . CADENA
    (59) elemento -> . sumar_los_ultimos
    (60) elemento -> . contar_binarios
    (40) sumar_los_ultimos -> . SUMAR_LOS_ULTIMOS A_PARENTESIS N_ENTERO PUNTO_Y_COMA lista C_PARENTESIS
    (41) contar_binarios -> . CONTAR_BINARIOS A_PARENTESIS lista C_PARENTESIS

    A_PARENTESIS    shift and go to state 36
    N_ENTERO        shift and go to state 37
    N_DECIMAL       shift and go to state 38
    N_BINARIO       shift and go to state 39
    VARIABLE        shift and go to state 26
    CADENA          shift and go to state 40
    SUMAR_LOS_ULTIMOS shift and go to state 43
    CONTAR_BINARIOS shift and go to state 44

    elemento                       shift and go to state 51
    sumar_los_ultimos              shift and go to state 41
    contar_binarios                shift and go to state 42

state 25

    (11) write -> WRITE A_PARENTESIS . elemento C_PARENTESIS
    (51) elemento -> . A_PARENTESIS expresion C_PARENTESIS
    (54) elemento -> . N_ENTERO
    (55) elemento -> . N_DECIMAL
    (56) elemento -> . N_BINARIO
    (57) elemento -> . VARIABLE
    (58) elemento -> . CADENA
    (59) elemento -> . sumar_los_ultimos
    (60) elemento -> . contar_binarios
    (40) sumar_los_ultimos -> . SUMAR_LOS_ULTIMOS A_PARENTESIS N_ENTERO PUNTO_Y_COMA lista C_PARENTESIS
    (41) contar_binarios -> . CONTAR_BINARIOS A_PARENTESIS lista C_PARENTESIS

    A_PARENTESIS    shift and go to state 36
    N_ENTERO        shift and go to state 37
    N_DECIMAL       shift and go to state 38
    N_BINARIO       shift and go to state 39
    VARIABLE        shift and go to state 26
    CADENA          shift and go to state 40
    SUMAR_LOS_ULTIMOS shift and go to state 43
    CONTAR_BINARIOS shift and go to state 44

    elemento                       shift and go to state 52
    sumar_los_ultimos              shift and go to state 41
    contar_binarios                shift and go to state 42

state 26

    (57) elemento -> VARIABLE .

    MULTIPLICACION  reduce using rule 57 (elemento -> VARIABLE .)
    DIVISION        reduce using rule 57 (elemento -> VARIABLE .)
    MAS             reduce using rule 57 (elemento -> VARIABLE .)
    MENOS           reduce using rule 57 (elemento -> VARIABLE .)
    MENORI          reduce using rule 57 (elemento -> VARIABLE .)
    MENORQ          reduce using rule 57 (elemento -> VARIABLE .)
    MAYORQ          reduce using rule 57 (elemento -> VARIABLE .)
    MAYORI          reduce using rule 57 (elemento -> VARIABLE .)
    IGUALI          reduce using rule 57 (elemento -> VARIABLE .)
    DISTINTOQ       reduce using rule 57 (elemento -> VARIABLE .)
    OR              reduce using rule 57 (elemento -> VARIABLE .)
    AND             reduce using rule 57 (elemento -> VARIABLE .)
    PUNTO_Y_COMA    reduce using rule 57 (elemento -> VARIABLE .)
    C_PARENTESIS    reduce using rule 57 (elemento -> VARIABLE .)
    C_CORCHETE      reduce using rule 57 (elemento -> VARIABLE .)
    COMA            reduce using rule 57 (elemento -> VARIABLE .)


state 27

    (38) asignacion -> VARIABLE ASIGNACION lista .

    PUNTO_Y_COMA    reduce using rule 38 (asignacion -> VARIABLE ASIGNACION lista .)


state 28

    (39) asignacion -> VARIABLE ASIGNACION condicion .

    PUNTO_Y_COMA    reduce using rule 39 (asignacion -> VARIABLE ASIGNACION condicion .)


state 29

    (42) lista -> A_CORCHETE . elementos C_CORCHETE
    (43) lista -> A_CORCHETE . C_CORCHETE
    (52) elementos -> . elementos COMA elemento
    (53) elementos -> . elemento
    (51) elemento -> . A_PARENTESIS expresion C_PARENTESIS
    (54) elemento -> . N_ENTERO
    (55) elemento -> . N_DECIMAL
    (56) elemento -> . N_BINARIO
    (57) elemento -> . VARIABLE
    (58) elemento -> . CADENA
    (59) elemento -> . sumar_los_ultimos
    (60) elemento -> . contar_binarios
    (40) sumar_los_ultimos -> . SUMAR_LOS_ULTIMOS A_PARENTESIS N_ENTERO PUNTO_Y_COMA lista C_PARENTESIS
    (41) contar_binarios -> . CONTAR_BINARIOS A_PARENTESIS lista C_PARENTESIS

    C_CORCHETE      shift and go to state 54
    A_PARENTESIS    shift and go to state 36
    N_ENTERO        shift and go to state 37
    N_DECIMAL       shift and go to state 38
    N_BINARIO       shift and go to state 39
    VARIABLE        shift and go to state 26
    CADENA          shift and go to state 40
    SUMAR_LOS_ULTIMOS shift and go to state 43
    CONTAR_BINARIOS shift and go to state 44

    elementos                      shift and go to state 53
    elemento                       shift and go to state 55
    sumar_los_ultimos              shift and go to state 41
    contar_binarios                shift and go to state 42

state 30

    (25) condicion -> comparacion . OR comparacion
    (26) condicion -> comparacion . AND comparacion
    (28) condicion -> comparacion .

    OR              shift and go to state 56
    AND             shift and go to state 57
    PUNTO_Y_COMA    reduce using rule 28 (condicion -> comparacion .)
    C_PARENTESIS    reduce using rule 28 (condicion -> comparacion .)


state 31

    (27) condicion -> NOT . comparacion
    (29) comparacion -> . expresion comparador expresion
    (30) comparacion -> . expresion
    (44) expresion -> . expresion MAS termino
    (45) expresion -> . MENOS expresion
    (46) expresion -> . expresion MENOS termino
    (47) expresion -> . termino
    (48) termino -> . termino MULTIPLICACION elemento
    (49) termino -> . termino DIVISION elemento
    (50) termino -> . elemento
    (51) elemento -> . A_PARENTESIS expresion C_PARENTESIS
    (54) elemento -> . N_ENTERO
    (55) elemento -> . N_DECIMAL
    (56) elemento -> . N_BINARIO
    (57) elemento -> . VARIABLE
    (58) elemento -> . CADENA
    (59) elemento -> . sumar_los_ultimos
    (60) elemento -> . contar_binarios
    (40) sumar_los_ultimos -> . SUMAR_LOS_ULTIMOS A_PARENTESIS N_ENTERO PUNTO_Y_COMA lista C_PARENTESIS
    (41) contar_binarios -> . CONTAR_BINARIOS A_PARENTESIS lista C_PARENTESIS

    MENOS           shift and go to state 34
    A_PARENTESIS    shift and go to state 36
    N_ENTERO        shift and go to state 37
    N_DECIMAL       shift and go to state 38
    N_BINARIO       shift and go to state 39
    VARIABLE        shift and go to state 26
    CADENA          shift and go to state 40
    SUMAR_LOS_ULTIMOS shift and go to state 43
    CONTAR_BINARIOS shift and go to state 44

    comparacion                    shift and go to state 58
    expresion                      shift and go to state 32
    termino                        shift and go to state 33
    elemento                       shift and go to state 35
    sumar_los_ultimos              shift and go to state 41
    contar_binarios                shift and go to state 42

state 32

    (29) comparacion -> expresion . comparador expresion
    (30) comparacion -> expresion .
    (44) expresion -> expresion . MAS termino
    (46) expresion -> expresion . MENOS termino
    (31) comparador -> . MENORI
    (32) comparador -> . MENORQ
    (33) comparador -> . MAYORQ
    (34) comparador -> . MAYORI
    (35) comparador -> . IGUALI
    (36) comparador -> . DISTINTOQ

    OR              reduce using rule 30 (comparacion -> expresion .)
    AND             reduce using rule 30 (comparacion -> expresion .)
    PUNTO_Y_COMA    reduce using rule 30 (comparacion -> expresion .)
    C_PARENTESIS    reduce using rule 30 (comparacion -> expresion .)
    MAS             shift and go to state 60
    MENOS           shift and go to state 61
    MENORI          shift and go to state 62
    MENORQ          shift and go to state 63
    MAYORQ          shift and go to state 64
    MAYORI          shift and go to state 65
    IGUALI          shift and go to state 66
    DISTINTOQ       shift and go to state 67

    comparador                     shift and go to state 59

state 33

    (47) expresion -> termino .
    (48) termino -> termino . MULTIPLICACION elemento
    (49) termino -> termino . DIVISION elemento

    MAS             reduce using rule 47 (expresion -> termino .)
    MENOS           reduce using rule 47 (expresion -> termino .)
    MENORI          reduce using rule 47 (expresion -> termino .)
    MENORQ          reduce using rule 47 (expresion -> termino .)
    MAYORQ          reduce using rule 47 (expresion -> termino .)
    MAYORI          reduce using rule 47 (expresion -> termino .)
    IGUALI          reduce using rule 47 (expresion -> termino .)
    DISTINTOQ       reduce using rule 47 (expresion -> termino .)
    OR              reduce using rule 47 (expresion -> termino .)
    AND             reduce using rule 47 (expresion -> termino .)
    PUNTO_Y_COMA    reduce using rule 47 (expresion -> termino .)
    C_PARENTESIS    reduce using rule 47 (expresion -> termino .)
    MULTIPLICACION  shift and go to state 68
    DIVISION        shift and go to state 69


state 34

    (45) expresion -> MENOS . expresion
    (44) expresion -> . expresion MAS termino
    (45) expresion -> . MENOS expresion
    (46) expresion -> . expresion MENOS termino
    (47) expresion -> . termino
    (48) termino -> . termino MULTIPLICACION elemento
    (49) termino -> . termino DIVISION elemento
    (50) termino -> . elemento
    (51) elemento -> . A_PARENTESIS expresion C_PARENTESIS
    (54) elemento -> . N_ENTERO
    (55) elemento -> . N_DECIMAL
    (56) elemento -> . N_BINARIO
    (57) elemento -> . VARIABLE
    (58) elemento -> . CADENA
    (59) elemento -> . sumar_los_ultimos
    (60) elemento -> . contar_binarios
    (40) sumar_los_ultimos -> . SUMAR_LOS_ULTIMOS A_PARENTESIS N_ENTERO PUNTO_Y_COMA lista C_PARENTESIS
    (41) contar_binarios -> . CONTAR_BINARIOS A_PARENTESIS lista C_PARENTESIS

    MENOS           shift and go to state 34
    A_PARENTESIS    shift and go to state 36
    N_ENTERO        shift and go to state 37
    N_DECIMAL       shift and go to state 38
    N_BINARIO       shift and go to state 39
    VARIABLE        shift and go to state 26
    CADENA          shift and go to state 40
    SUMAR_LOS_ULTIMOS shift and go to state 43
    CONTAR_BINARIOS shift and go to state 44

    expresion                      shift and go to state 70
    termino                        shift and go to state 33
    elemento                       shift and go to state 35
    sumar_los_ultimos              shift and go to state 41
    contar_binarios                shift and go to state 42

state 35

    (50) termino -> elemento .

    MULTIPLICACION  reduce using rule 50 (termino -> elemento .)
    DIVISION        reduce using rule 50 (termino -> elemento .)
    MAS             reduce using rule 50 (termino -> elemento .)
    MENOS           reduce using rule 50 (termino -> elemento .)
    MENORI          reduce using rule 50 (termino -> elemento .)
    MENORQ          reduce using rule 50 (termino -> elemento .)
    MAYORQ          reduce using rule 50 (termino -> elemento .)
    MAYORI          reduce using rule 50 (termino -> elemento .)
    IGUALI          reduce using rule 50 (termino -> elemento .)
    DISTINTOQ       reduce using rule 50 (termino -> elemento .)
    OR              reduce using rule 50 (termino -> elemento .)
    AND             reduce using rule 50 (termino -> elemento .)
    PUNTO_Y_COMA    reduce using rule 50 (termino -> elemento .)
    C_PARENTESIS    reduce using rule 50 (termino -> elemento .)


state 36

    (51) elemento -> A_PARENTESIS . expresion C_PARENTESIS
    (44) expresion -> . expresion MAS termino
    (45) expresion -> . MENOS expresion
    (46) expresion -> . expresion MENOS termino
    (47) expresion -> . termino
    (48) termino -> . termino MULTIPLICACION elemento
    (49) termino -> . termino DIVISION elemento
    (50) termino -> . elemento
    (51) elemento -> . A_PARENTESIS expresion C_PARENTESIS
    (54) elemento -> . N_ENTERO
    (55) elemento -> . N_DECIMAL
    (56) elemento -> . N_BINARIO
    (57) elemento -> . VARIABLE
    (58) elemento -> . CADENA
    (59) elemento -> . sumar_los_ultimos
    (60) elemento -> . contar_binarios
    (40) sumar_los_ultimos -> . SUMAR_LOS_ULTIMOS A_PARENTESIS N_ENTERO PUNTO_Y_COMA lista C_PARENTESIS
    (41) contar_binarios -> . CONTAR_BINARIOS A_PARENTESIS lista C_PARENTESIS

    MENOS           shift and go to state 34
    A_PARENTESIS    shift and go to state 36
    N_ENTERO        shift and go to state 37
    N_DECIMAL       shift and go to state 38
    N_BINARIO       shift and go to state 39
    VARIABLE        shift and go to state 26
    CADENA          shift and go to state 40
    SUMAR_LOS_ULTIMOS shift and go to state 43
    CONTAR_BINARIOS shift and go to state 44

    expresion                      shift and go to state 71
    termino                        shift and go to state 33
    elemento                       shift and go to state 35
    sumar_los_ultimos              shift and go to state 41
    contar_binarios                shift and go to state 42

state 37

    (54) elemento -> N_ENTERO .

    MULTIPLICACION  reduce using rule 54 (elemento -> N_ENTERO .)
    DIVISION        reduce using rule 54 (elemento -> N_ENTERO .)
    MAS             reduce using rule 54 (elemento -> N_ENTERO .)
    MENOS           reduce using rule 54 (elemento -> N_ENTERO .)
    MENORI          reduce using rule 54 (elemento -> N_ENTERO .)
    MENORQ          reduce using rule 54 (elemento -> N_ENTERO .)
    MAYORQ          reduce using rule 54 (elemento -> N_ENTERO .)
    MAYORI          reduce using rule 54 (elemento -> N_ENTERO .)
    IGUALI          reduce using rule 54 (elemento -> N_ENTERO .)
    DISTINTOQ       reduce using rule 54 (elemento -> N_ENTERO .)
    OR              reduce using rule 54 (elemento -> N_ENTERO .)
    AND             reduce using rule 54 (elemento -> N_ENTERO .)
    PUNTO_Y_COMA    reduce using rule 54 (elemento -> N_ENTERO .)
    C_PARENTESIS    reduce using rule 54 (elemento -> N_ENTERO .)
    C_CORCHETE      reduce using rule 54 (elemento -> N_ENTERO .)
    COMA            reduce using rule 54 (elemento -> N_ENTERO .)


state 38

    (55) elemento -> N_DECIMAL .

    MULTIPLICACION  reduce using rule 55 (elemento -> N_DECIMAL .)
    DIVISION        reduce using rule 55 (elemento -> N_DECIMAL .)
    MAS             reduce using rule 55 (elemento -> N_DECIMAL .)
    MENOS           reduce using rule 55 (elemento -> N_DECIMAL .)
    MENORI          reduce using rule 55 (elemento -> N_DECIMAL .)
    MENORQ          reduce using rule 55 (elemento -> N_DECIMAL .)
    MAYORQ          reduce using rule 55 (elemento -> N_DECIMAL .)
    MAYORI          reduce using rule 55 (elemento -> N_DECIMAL .)
    IGUALI          reduce using rule 55 (elemento -> N_DECIMAL .)
    DISTINTOQ       reduce using rule 55 (elemento -> N_DECIMAL .)
    OR              reduce using rule 55 (elemento -> N_DECIMAL .)
    AND             reduce using rule 55 (elemento -> N_DECIMAL .)
    PUNTO_Y_COMA    reduce using rule 55 (elemento -> N_DECIMAL .)
    C_PARENTESIS    reduce using rule 55 (elemento -> N_DECIMAL .)
    C_CORCHETE      reduce using rule 55 (elemento -> N_DECIMAL .)
    COMA            reduce using rule 55 (elemento -> N_DECIMAL .)


state 39

    (56) elemento -> N_BINARIO .

    MULTIPLICACION  reduce using rule 56 (elemento -> N_BINARIO .)
    DIVISION        reduce using rule 56 (elemento -> N_BINARIO .)
    MAS             reduce using rule 56 (elemento -> N_BINARIO .)
    MENOS           reduce using rule 56 (elemento -> N_BINARIO .)
    MENORI          reduce using rule 56 (elemento -> N_BINARIO .)
    MENORQ          reduce using rule 56 (elemento -> N_BINARIO .)
    MAYORQ          reduce using rule 56 (elemento -> N_BINARIO .)
    MAYORI          reduce using rule 56 (elemento -> N_BINARIO .)
    IGUALI          reduce using rule 56 (elemento -> N_BINARIO .)
    DISTINTOQ       reduce using rule 56 (elemento -> N_BINARIO .)
    OR              reduce using rule 56 (elemento -> N_BINARIO .)
    AND             reduce using rule 56 (elemento -> N_BINARIO .)
    PUNTO_Y_COMA    reduce using rule 56 (elemento -> N_BINARIO .)
    C_PARENTESIS    reduce using rule 56 (elemento -> N_BINARIO .)
    C_CORCHETE      reduce using rule 56 (elemento -> N_BINARIO .)
    COMA            reduce using rule 56 (elemento -> N_BINARIO .)


state 40

    (58) elemento -> CADENA .

    MULTIPLICACION  reduce using rule 58 (elemento -> CADENA .)
    DIVISION        reduce using rule 58 (elemento -> CADENA .)
    MAS             reduce using rule 58 (elemento -> CADENA .)
    MENOS           reduce using rule 58 (elemento -> CADENA .)
    MENORI          reduce using rule 58 (elemento -> CADENA .)
    MENORQ          reduce using rule 58 (elemento -> CADENA .)
    MAYORQ          reduce using rule 58 (elemento -> CADENA .)
    MAYORI          reduce using rule 58 (elemento -> CADENA .)
    IGUALI          reduce using rule 58 (elemento -> CADENA .)
    DISTINTOQ       reduce using rule 58 (elemento -> CADENA .)
    OR              reduce using rule 58 (elemento -> CADENA .)
    AND             reduce using rule 58 (elemento -> CADENA .)
    PUNTO_Y_COMA    reduce using rule 58 (elemento -> CADENA .)
    C_PARENTESIS    reduce using rule 58 (elemento -> CADENA .)
    C_CORCHETE      reduce using rule 58 (elemento -> CADENA .)
    COMA            reduce using rule 58 (elemento -> CADENA .)


state 41

    (59) elemento -> sumar_los_ultimos .

    MULTIPLICACION  reduce using rule 59 (elemento -> sumar_los_ultimos .)
    DIVISION        reduce using rule 59 (elemento -> sumar_los_ultimos .)
    MAS             reduce using rule 59 (elemento -> sumar_los_ultimos .)
    MENOS           reduce using rule 59 (elemento -> sumar_los_ultimos .)
    MENORI          reduce using rule 59 (elemento -> sumar_los_ultimos .)
    MENORQ          reduce using rule 59 (elemento -> sumar_los_ultimos .)
    MAYORQ          reduce using rule 59 (elemento -> sumar_los_ultimos .)
    MAYORI          reduce using rule 59 (elemento -> sumar_los_ultimos .)
    IGUALI          reduce using rule 59 (elemento -> sumar_los_ultimos .)
    DISTINTOQ       reduce using rule 59 (elemento -> sumar_los_ultimos .)
    OR              reduce using rule 59 (elemento -> sumar_los_ultimos .)
    AND             reduce using rule 59 (elemento -> sumar_los_ultimos .)
    PUNTO_Y_COMA    reduce using rule 59 (elemento -> sumar_los_ultimos .)
    C_PARENTESIS    reduce using rule 59 (elemento -> sumar_los_ultimos .)
    C_CORCHETE      reduce using rule 59 (elemento -> sumar_los_ultimos .)
    COMA            reduce using rule 59 (elemento -> sumar_los_ultimos .)


state 42

    (60) elemento -> contar_binarios .

    MULTIPLICACION  reduce using rule 60 (elemento -> contar_binarios .)
    DIVISION        reduce using rule 60 (elemento -> contar_binarios .)
    MAS             reduce using rule 60 (elemento -> contar_binarios .)
    MENOS           reduce using rule 60 (elemento -> contar_binarios .)
    MENORI          reduce using rule 60 (elemento -> contar_binarios .)
    MENORQ          reduce using rule 60 (elemento -> contar_binarios .)
    MAYORQ          reduce using rule 60 (elemento -> contar_binarios .)
    MAYORI          reduce using rule 60 (elemento -> contar_binarios .)
    IGUALI          reduce using rule 60 (elemento -> contar_binarios .)
    DISTINTOQ       reduce using rule 60 (elemento -> contar_binarios .)
    OR              reduce using rule 60 (elemento -> contar_binarios .)
    AND             reduce using rule 60 (elemento -> contar_binarios .)
    PUNTO_Y_COMA    reduce using rule 60 (elemento -> contar_binarios .)
    C_PARENTESIS    reduce using rule 60 (elemento -> contar_binarios .)
    C_CORCHETE      reduce using rule 60 (elemento -> contar_binarios .)
    COMA            reduce using rule 60 (elemento -> contar_binarios .)


state 43

    (40) sumar_los_ultimos -> SUMAR_LOS_ULTIMOS . A_PARENTESIS N_ENTERO PUNTO_Y_COMA lista C_PARENTESIS

    A_PARENTESIS    shift and go to state 72


state 44

    (41) contar_binarios -> CONTAR_BINARIOS . A_PARENTESIS lista C_PARENTESIS

    A_PARENTESIS    shift and go to state 73


state 45

    (24) iteracion -> WHILE A_PARENTESIS condicion . C_PARENTESIS bloque

    C_PARENTESIS    shift and go to state 74


state 46

    (22) seleccion -> IF A_PARENTESIS condicion . C_PARENTESIS bloque
    (23) seleccion -> IF A_PARENTESIS condicion . C_PARENTESIS bloque ELSE bloque

    C_PARENTESIS    shift and go to state 75


state 47

    (12) bloque_declaracion -> INIT A_LLAVE declaraciones . C_LLAVE
    (13) declaraciones -> declaraciones . declaracion
    (15) declaracion -> . lista_variables DOS_PUNTOS tipo_dato PUNTO_Y_COMA
    (16) lista_variables -> . VARIABLE
    (17) lista_variables -> . lista_variables COMA VARIABLE

    C_LLAVE         shift and go to state 76
    VARIABLE        shift and go to state 50

    declaracion                    shift and go to state 77
    lista_variables                shift and go to state 49

state 48

    (14) declaraciones -> declaracion .

    C_LLAVE         reduce using rule 14 (declaraciones -> declaracion .)
    VARIABLE        reduce using rule 14 (declaraciones -> declaracion .)


state 49

    (15) declaracion -> lista_variables . DOS_PUNTOS tipo_dato PUNTO_Y_COMA
    (17) lista_variables -> lista_variables . COMA VARIABLE

    DOS_PUNTOS      shift and go to state 78
    COMA            shift and go to state 79


state 50

    (16) lista_variables -> VARIABLE .

    DOS_PUNTOS      reduce using rule 16 (lista_variables -> VARIABLE .)
    COMA            reduce using rule 16 (lista_variables -> VARIABLE .)


state 51

    (10) read -> READ A_PARENTESIS elemento . C_PARENTESIS

    C_PARENTESIS    shift and go to state 80


state 52

    (11) write -> WRITE A_PARENTESIS elemento . C_PARENTESIS

    C_PARENTESIS    shift and go to state 81


state 53

    (42) lista -> A_CORCHETE elementos . C_CORCHETE
    (52) elementos -> elementos . COMA elemento

    C_CORCHETE      shift and go to state 82
    COMA            shift and go to state 83


state 54

    (43) lista -> A_CORCHETE C_CORCHETE .

    PUNTO_Y_COMA    reduce using rule 43 (lista -> A_CORCHETE C_CORCHETE .)
    C_PARENTESIS    reduce using rule 43 (lista -> A_CORCHETE C_CORCHETE .)


state 55

    (53) elementos -> elemento .

    C_CORCHETE      reduce using rule 53 (elementos -> elemento .)
    COMA            reduce using rule 53 (elementos -> elemento .)


state 56

    (25) condicion -> comparacion OR . comparacion
    (29) comparacion -> . expresion comparador expresion
    (30) comparacion -> . expresion
    (44) expresion -> . expresion MAS termino
    (45) expresion -> . MENOS expresion
    (46) expresion -> . expresion MENOS termino
    (47) expresion -> . termino
    (48) termino -> . termino MULTIPLICACION elemento
    (49) termino -> . termino DIVISION elemento
    (50) termino -> . elemento
    (51) elemento -> . A_PARENTESIS expresion C_PARENTESIS
    (54) elemento -> . N_ENTERO
    (55) elemento -> . N_DECIMAL
    (56) elemento -> . N_BINARIO
    (57) elemento -> . VARIABLE
    (58) elemento -> . CADENA
    (59) elemento -> . sumar_los_ultimos
    (60) elemento -> . contar_binarios
    (40) sumar_los_ultimos -> . SUMAR_LOS_ULTIMOS A_PARENTESIS N_ENTERO PUNTO_Y_COMA lista C_PARENTESIS
    (41) contar_binarios -> . CONTAR_BINARIOS A_PARENTESIS lista C_PARENTESIS

    MENOS           shift and go to state 34
    A_PARENTESIS    shift and go to state 36
    N_ENTERO        shift and go to state 37
    N_DECIMAL       shift and go to state 38
    N_BINARIO       shift and go to state 39
    VARIABLE        shift and go to state 26
    CADENA          shift and go to state 40
    SUMAR_LOS_ULTIMOS shift and go to state 43
    CONTAR_BINARIOS shift and go to state 44

    comparacion                    shift and go to state 84
    expresion                      shift and go to state 32
    termino                        shift and go to state 33
    elemento                       shift and go to state 35
    sumar_los_ultimos              shift and go to state 41
    contar_binarios                shift and go to state 42

state 57

    (26) condicion -> comparacion AND . comparacion
    (29) comparacion -> . expresion comparador expresion
    (30) comparacion -> . expresion
    (44) expresion -> . expresion MAS termino
    (45) expresion -> . MENOS expresion
    (46) expresion -> . expresion MENOS termino
    (47) expresion -> . termino
    (48) termino -> . termino MULTIPLICACION elemento
    (49) termino -> . termino DIVISION elemento
    (50) termino -> . elemento
    (51) elemento -> . A_PARENTESIS expresion C_PARENTESIS
    (54) elemento -> . N_ENTERO
    (55) elemento -> . N_DECIMAL
    (56) elemento -> . N_BINARIO
    (57) elemento -> . VARIABLE
    (58) elemento -> . CADENA
    (59) elemento -> . sumar_los_ultimos
    (60) elemento -> . contar_binarios
    (40) sumar_los_ultimos -> . SUMAR_LOS_ULTIMOS A_PARENTESIS N_ENTERO PUNTO_Y_COMA lista C_PARENTESIS
    (41) contar_binarios -> . CONTAR_BINARIOS A_PARENTESIS lista C_PARENTESIS

    MENOS           shift and go to state 34
    A_PARENTESIS    shift and go to state 36
    N_ENTERO        shift and go to state 37
    N_DECIMAL       shift and go to state 38
    N_BINARIO       shift and go to state 39
    VARIABLE        shift and go to state 26
    CADENA          shift and go to state 40
    SUMAR_LOS_ULTIMOS shift and go to state 43
    CONTAR_BINARIOS shift and go to state 44

    comparacion                    shift and go to state 85
    expresion                      shift and go to state 32
    termino                        shift and go to state 33
    elemento                       shift and go to state 35
    sumar_los_ultimos              shift and go to state 41
    contar_binarios                shift and go to state 42

state 58

    (27) condicion -> NOT comparacion .

    PUNTO_Y_COMA    reduce using rule 27 (condicion -> NOT comparacion .)
    C_PARENTESIS    reduce using rule 27 (condicion -> NOT comparacion .)


state 59

    (29) comparacion -> expresion comparador . expresion
    (44) expresion -> . expresion MAS termino
    (45) expresion -> . MENOS expresion
    (46) expresion -> . expresion MENOS termino
    (47) expresion -> . termino
    (48) termino -> . termino MULTIPLICACION elemento
    (49) termino -> . termino DIVISION elemento
    (50) termino -> . elemento
    (51) elemento -> . A_PARENTESIS expresion C_PARENTESIS
    (54) elemento -> . N_ENTERO
    (55) elemento -> . N_DECIMAL
    (56) elemento -> . N_BINARIO
    (57) elemento -> . VARIABLE
    (58) elemento -> . CADENA
    (59) elemento -> . sumar_los_ultimos
    (60) elemento -> . contar_binarios
    (40) sumar_los_ultimos -> . SUMAR_LOS_ULTIMOS A_PARENTESIS N_ENTERO PUNTO_Y_COMA lista C_PARENTESIS
    (41) contar_binarios -> . CONTAR_BINARIOS A_PARENTESIS lista C_PARENTESIS

    MENOS           shift and go to state 34
    A_PARENTESIS    shift and go to state 36
    N_ENTERO        shift and go to state 37
    N_DECIMAL       shift and go to state 38
    N_BINARIO       shift and go to state 39
    VARIABLE        shift and go to state 26
    CADENA          shift and go to state 40
    SUMAR_LOS_ULTIMOS shift and go to state 43
    CONTAR_BINARIOS shift and go to state 44

    expresion                      shift and go to state 86
    termino                        shift and go to state 33
    elemento                       shift and go to state 35
    sumar_los_ultimos              shift and go to state 41
    contar_binarios                shift and go to state 42

state 60

    (44) expresion -> expresion MAS . termino
    (48) termino -> . termino MULTIPLICACION elemento
    (49) termino -> . termino DIVISION elemento
    (50) termino -> . elemento
    (51) elemento -> . A_PARENTESIS expresion C_PARENTESIS
    (54) elemento -> . N_ENTERO
    (55) elemento -> . N_DECIMAL
    (56) elemento -> . N_BINARIO
    (57) elemento -> . VARIABLE
    (58) elemento -> . CADENA
    (59) elemento -> . sumar_los_ultimos
    (60) elemento -> . contar_binarios
    (40) sumar_los_ultimos -> . SUMAR_LOS_ULTIMOS A_PARENTESIS N_ENTERO PUNTO_Y_COMA lista C_PARENTESIS
    (41) contar_binarios -> . CONTAR_BINARIOS A_PARENTESIS lista C_PARENTESIS

    A_PARENTESIS    shift and go to state 36
    N_ENTERO        shift and go to state 37
    N_DECIMAL       shift and go to state 38
    N_BINARIO       shift and go to state 39
    VARIABLE        shift and go to state 26
    CADENA          shift and go to state 40
    SUMAR_LOS_ULTIMOS shift and go to state 43
    CONTAR_BINARIOS shift and go to state 44

    termino                        shift and go to state 87
    elemento                       shift and go to state 35
    sumar_los_ultimos              shift and go to state 41
    contar_binarios                shift and go to state 42

state 61

    (46) expresion -> expresion MENOS . termino
    (48) termino -> . termino MULTIPLICACION elemento
    (49) termino -> . termino DIVISION elemento
    (50) termino -> . elemento
    (51) elemento -> . A_PARENTESIS expresion C_PARENTESIS
    (54) elemento -> . N_ENTERO
    (55) elemento -> . N_DECIMAL
    (56) elemento -> . N_BINARIO
    (57) elemento -> . VARIABLE
    (58) elemento -> . CADENA
    (59) elemento -> . sumar_los_ultimos
    (60) elemento -> . contar_binarios
    (40) sumar_los_ultimos -> . SUMAR_LOS_ULTIMOS A_PARENTESIS N_ENTERO PUNTO_Y_COMA lista C_PARENTESIS
    (41) contar_binarios -> . CONTAR_BINARIOS A_PARENTESIS lista C_PARENTESIS

    A_PARENTESIS    shift and go to state 36
    N_ENTERO        shift and go to state 37
    N_DECIMAL       shift and go to state 38
    N_BINARIO       shift and go to state 39
    VARIABLE        shift and go to state 26
    CADENA          shift and go to state 40
    SUMAR_LOS_ULTIMOS shift and go to state 43
    CONTAR_BINARIOS shift and go to state 44

    termino                        shift and go to state 88
    elemento                       shift and go to state 35
    sumar_los_ultimos              shift and go to state 41
    contar_binarios                shift and go to state 42

state 62

    (31) comparador -> MENORI .

    MENOS           reduce using rule 31 (comparador -> MENORI .)
    A_PARENTESIS    reduce using rule 31 (comparador -> MENORI .)
    N_ENTERO        reduce using rule 31 (comparador -> MENORI .)
    N_DECIMAL       reduce using rule 31 (comparador -> MENORI .)
    N_BINARIO       reduce using rule 31 (comparador -> MENORI .)
    VARIABLE        reduce using rule 31 (comparador -> MENORI .)
    CADENA          reduce using rule 31 (comparador -> MENORI .)
    SUMAR_LOS_ULTIMOS reduce using rule 31 (comparador -> MENORI .)
    CONTAR_BINARIOS reduce using rule 31 (comparador -> MENORI .)


state 63

    (32) comparador -> MENORQ .

    MENOS           reduce using rule 32 (comparador -> MENORQ .)
    A_PARENTESIS    reduce using rule 32 (comparador -> MENORQ .)
    N_ENTERO        reduce using rule 32 (comparador -> MENORQ .)
    N_DECIMAL       reduce using rule 32 (comparador -> MENORQ .)
    N_BINARIO       reduce using rule 32 (comparador -> MENORQ .)
    VARIABLE        reduce using rule 32 (comparador -> MENORQ .)
    CADENA          reduce using rule 32 (comparador -> MENORQ .)
    SUMAR_LOS_ULTIMOS reduce using rule 32 (comparador -> MENORQ .)
    CONTAR_BINARIOS reduce using rule 32 (comparador -> MENORQ .)


state 64

    (33) comparador -> MAYORQ .

    MENOS           reduce using rule 33 (comparador -> MAYORQ .)
    A_PARENTESIS    reduce using rule 33 (comparador -> MAYORQ .)
    N_ENTERO        reduce using rule 33 (comparador -> MAYORQ .)
    N_DECIMAL       reduce using rule 33 (comparador -> MAYORQ .)
    N_BINARIO       reduce using rule 33 (comparador -> MAYORQ .)
    VARIABLE        reduce using rule 33 (comparador -> MAYORQ .)
    CADENA          reduce using rule 33 (comparador -> MAYORQ .)
    SUMAR_LOS_ULTIMOS reduce using rule 33 (comparador -> MAYORQ .)
    CONTAR_BINARIOS reduce using rule 33 (comparador -> MAYORQ .)


state 65

    (34) comparador -> MAYORI .

    MENOS           reduce using rule 34 (comparador -> MAYORI .)
    A_PARENTESIS    reduce using rule 34 (comparador -> MAYORI .)
    N_ENTERO        reduce using rule 34 (comparador -> MAYORI .)
    N_DECIMAL       reduce using rule 34 (comparador -> MAYORI .)
    N_BINARIO       reduce using rule 34 (comparador -> MAYORI .)
    VARIABLE        reduce using rule 34 (comparador -> MAYORI .)
    CADENA          reduce using rule 34 (comparador -> MAYORI .)
    SUMAR_LOS_ULTIMOS reduce using rule 34 (comparador -> MAYORI .)
    CONTAR_BINARIOS reduce using rule 34 (comparador -> MAYORI .)


state 66

    (35) comparador -> IGUALI .

    MENOS           reduce using rule 35 (comparador -> IGUALI .)
    A_PARENTESIS    reduce using rule 35 (comparador -> IGUALI .)
    N_ENTERO        reduce using rule 35 (comparador -> IGUALI .)
    N_DECIMAL       reduce using rule 35 (comparador -> IGUALI .)
    N_BINARIO       reduce using rule 35 (comparador -> IGUALI .)
    VARIABLE        reduce using rule 35 (comparador -> IGUALI .)
    CADENA          reduce using rule 35 (comparador -> IGUALI .)
    SUMAR_LOS_ULTIMOS reduce using rule 35 (comparador -> IGUALI .)
    CONTAR_BINARIOS reduce using rule 35 (comparador -> IGUALI .)


state 67

    (36) comparador -> DISTINTOQ .

    MENOS           reduce using rule 36 (comparador -> DISTINTOQ .)
    A_PARENTESIS    reduce using rule 36 (comparador -> DISTINTOQ .)
    N_ENTERO        reduce using rule 36 (comparador -> DISTINTOQ .)
    N_DECIMAL       reduce using rule 36 (comparador -> DISTINTOQ .)
    N_BINARIO       reduce using rule 36 (comparador -> DISTINTOQ .)
    VARIABLE        reduce using rule 36 (comparador -> DISTINTOQ .)
    CADENA          reduce using rule 36 (comparador -> DISTINTOQ .)
    SUMAR_LOS_ULTIMOS reduce using rule 36 (comparador -> DISTINTOQ .)
    CONTAR_BINARIOS reduce using rule 36 (comparador -> DISTINTOQ .)


state 68

    (48) termino -> termino MULTIPLICACION . elemento
    (51) elemento -> . A_PARENTESIS expresion C_PARENTESIS
    (54) elemento -> . N_ENTERO
    (55) elemento -> . N_DECIMAL
    (56) elemento -> . N_BINARIO
    (57) elemento -> . VARIABLE
    (58) elemento -> . CADENA
    (59) elemento -> . sumar_los_ultimos
    (60) elemento -> . contar_binarios
    (40) sumar_los_ultimos -> . SUMAR_LOS_ULTIMOS A_PARENTESIS N_ENTERO PUNTO_Y_COMA lista C_PARENTESIS
    (41) contar_binarios -> . CONTAR_BINARIOS A_PARENTESIS lista C_PARENTESIS

    A_PARENTESIS    shift and go to state 36
    N_ENTERO        shift and go to state 37
    N_DECIMAL       shift and go to state 38
    N_BINARIO       shift and go to state 39
    VARIABLE        shift and go to state 26
    CADENA          shift and go to state 40
    SUMAR_LOS_ULTIMOS shift and go to state 43
    CONTAR_BINARIOS shift and go to state 44

    elemento                       shift and go to state 89
    sumar_los_ultimos              shift and go to state 41
    contar_binarios                shift and go to state 42

state 69

    (49) termino -> termino DIVISION . elemento
    (51) elemento -> . A_PARENTESIS expresion C_PARENTESIS
    (54) elemento -> . N_ENTERO
    (55) elemento -> . N_DECIMAL
    (56) elemento -> . N_BINARIO
    (57) elemento -> . VARIABLE
    (58) elemento -> . CADENA
    (59) elemento -> . sumar_los_ultimos
    (60) elemento -> . contar_binarios
    (40) sumar_los_ultimos -> . SUMAR_LOS_ULTIMOS A_PARENTESIS N_ENTERO PUNTO_Y_COMA lista C_PARENTESIS
    (41) contar_binarios -> . CONTAR_BINARIOS A_PARENTESIS lista C_PARENTESIS

    A_PARENTESIS    shift and go to state 36
    N_ENTERO        shift and go to state 37
    N_DECIMAL       shift and go to state 38
    N_BINARIO       shift and go to state 39
    VARIABLE        shift and go to state 26
    CADENA          shift and go to state 40
    SUMAR_LOS_ULTIMOS shift and go to state 43
    CONTAR_BINARIOS shift and go to state 44

    elemento                       shift and go to state 90
    sumar_los_ultimos              shift and go to state 41
    contar_binarios                shift and go to state 42

state 70

    (45) expresion -> MENOS expresion .
    (44) expresion -> expresion . MAS termino
    (46) expresion -> expresion . MENOS termino

    MAS             reduce using rule 45 (expresion -> MENOS expresion .)
    MENOS           reduce using rule 45 (expresion -> MENOS expresion .)
    MENORI          reduce using rule 45 (expresion -> MENOS expresion .)
    MENORQ          reduce using rule 45 (expresion -> MENOS expresion .)
    MAYORQ          reduce using rule 45 (expresion -> MENOS expresion .)
    MAYORI          reduce using rule 45 (expresion -> MENOS expresion .)
    IGUALI          reduce using rule 45 (expresion -> MENOS expresion .)
    DISTINTOQ       reduce using rule 45 (expresion -> MENOS expresion .)
    OR              reduce using rule 45 (expresion -> MENOS expresion .)
    AND             reduce using rule 45 (expresion -> MENOS expresion .)
    PUNTO_Y_COMA    reduce using rule 45 (expresion -> MENOS expresion .)
    C_PARENTESIS    reduce using rule 45 (expresion -> MENOS expresion .)

  ! MAS             [ shift and go to state 60 ]
  ! MENOS           [ shift and go to state 61 ]


state 71

    (51) elemento -> A_PARENTESIS expresion . C_PARENTESIS
    (44) expresion -> expresion . MAS termino
    (46) expresion -> expresion . MENOS termino

    C_PARENTESIS    shift and go to state 91
    MAS             shift and go to state 60
    MENOS           shift and go to state 61


state 72

    (40) sumar_los_ultimos -> SUMAR_LOS_ULTIMOS A_PARENTESIS . N_ENTERO PUNTO_Y_COMA lista C_PARENTESIS

    N_ENTERO        shift and go to state 92


state 73

    (41) contar_binarios -> CONTAR_BINARIOS A_PARENTESIS . lista C_PARENTESIS
    (42) lista -> . A_CORCHETE elementos C_CORCHETE
    (43) lista -> . A_CORCHETE C_CORCHETE

    A_CORCHETE      shift and go to state 29

    lista                          shift and go to state 93

state 74

    (24) iteracion -> WHILE A_PARENTESIS condicion C_PARENTESIS . bloque
    (37) bloque -> . A_LLAVE programa C_LLAVE

    A_LLAVE         shift and go to state 95

    bloque                         shift and go to state 94

state 75

    (22) seleccion -> IF A_PARENTESIS condicion C_PARENTESIS . bloque
    (23) seleccion -> IF A_PARENTESIS condicion C_PARENTESIS . bloque ELSE bloque
    (37) bloque -> . A_LLAVE programa C_LLAVE

    A_LLAVE         shift and go to state 95

    bloque                         shift and go to state 96

state 76

    (12) bloque_declaracion -> INIT A_LLAVE declaraciones C_LLAVE .

    VARIABLE        reduce using rule 12 (bloque_declaracion -> INIT A_LLAVE declaraciones C_LLAVE .)
    WHILE           reduce using rule 12 (bloque_declaracion -> INIT A_LLAVE declaraciones C_LLAVE .)
    IF              reduce using rule 12 (bloque_declaracion -> INIT A_LLAVE declaraciones C_LLAVE .)
    INIT            reduce using rule 12 (bloque_declaracion -> INIT A_LLAVE declaraciones C_LLAVE .)
    READ            reduce using rule 12 (bloque_declaracion -> INIT A_LLAVE declaraciones C_LLAVE .)
    WRITE           reduce using rule 12 (bloque_declaracion -> INIT A_LLAVE declaraciones C_LLAVE .)
    $end            reduce using rule 12 (bloque_declaracion -> INIT A_LLAVE declaraciones C_LLAVE .)
    C_LLAVE         reduce using rule 12 (bloque_declaracion -> INIT A_LLAVE declaraciones C_LLAVE .)


state 77

    (13) declaraciones -> declaraciones declaracion .

    C_LLAVE         reduce using rule 13 (declaraciones -> declaraciones declaracion .)
    VARIABLE        reduce using rule 13 (declaraciones -> declaraciones declaracion .)


state 78

    (15) declaracion -> lista_variables DOS_PUNTOS . tipo_dato PUNTO_Y_COMA
    (18) tipo_dato -> . FLOAT
    (19) tipo_dato -> . INT
    (20) tipo_dato -> . STR
    (21) tipo_dato -> . BIN

    FLOAT           shift and go to state 98
    INT             shift and go to state 99
    STR             shift and go to state 100
    BIN             shift and go to state 101

    tipo_dato                      shift and go to state 97

state 79

    (17) lista_variables -> lista_variables COMA . VARIABLE

    VARIABLE        shift and go to state 102


state 80

    (10) read -> READ A_PARENTESIS elemento C_PARENTESIS .

    PUNTO_Y_COMA    reduce using rule 10 (read -> READ A_PARENTESIS elemento C_PARENTESIS .)


state 81

    (11) write -> WRITE A_PARENTESIS elemento C_PARENTESIS .

    PUNTO_Y_COMA    reduce using rule 11 (write -> WRITE A_PARENTESIS elemento C_PARENTESIS .)


state 82

    (42) lista -> A_CORCHETE elementos C_CORCHETE .

    PUNTO_Y_COMA    reduce using rule 42 (lista -> A_CORCHETE elementos C_CORCHETE .)
    C_PARENTESIS    reduce using rule 42 (lista -> A_CORCHETE elementos C_CORCHETE .)


state 83

    (52) elementos -> elementos COMA . elemento
    (51) elemento -> . A_PARENTESIS expresion C_PARENTESIS
    (54) elemento -> . N_ENTERO
    (55) elemento -> . N_DECIMAL
    (56) elemento -> . N_BINARIO
    (57) elemento -> . VARIABLE
    (58) elemento -> . CADENA
    (59) elemento -> . sumar_los_ultimos
    (60) elemento -> . contar_binarios
    (40) sumar_los_ultimos -> . SUMAR_LOS_ULTIMOS A_PARENTESIS N_ENTERO PUNTO_Y_COMA lista C_PARENTESIS
    (41) contar_binarios -> . CONTAR_BINARIOS A_PARENTESIS lista C_PARENTESIS

    A_PARENTESIS    shift and go to state 36
    N_ENTERO        shift and go to state 37
    N_DECIMAL       shift and go to state 38
    N_BINARIO       shift and go to state 39
    VARIABLE        shift and go to state 26
    CADENA          shift and go to state 40
    SUMAR_LOS_ULTIMOS shift and go to state 43
    CONTAR_BINARIOS shift and go to state 44

    elemento                       shift and go to state 103
    sumar_los_ultimos              shift and go to state 41
    contar_binarios                shift and go to state 42

state 84

    (25) condicion -> comparacion OR comparacion .

    PUNTO_Y_COMA    reduce using rule 25 (condicion -> comparacion OR comparacion .)
    C_PARENTESIS    reduce using rule 25 (condicion -> comparacion OR comparacion .)


state 85

    (26) condicion -> comparacion AND comparacion .

    PUNTO_Y_COMA    reduce using rule 26 (condicion -> comparacion AND comparacion .)
    C_PARENTESIS    reduce using rule 26 (condicion -> comparacion AND comparacion .)


state 86

    (29) comparacion -> expresion comparador expresion .
    (44) expresion -> expresion . MAS termino
    (46) expresion -> expresion . MENOS termino

    OR              reduce using rule 29 (comparacion -> expresion comparador expresion .)
    AND             reduce using rule 29 (comparacion -> expresion comparador expresion .)
    PUNTO_Y_COMA    reduce using rule 29 (comparacion -> expresion comparador expresion .)
    C_PARENTESIS    reduce using rule 29 (comparacion -> expresion comparador expresion .)
    MAS             shift and go to state 60
    MENOS           shift and go to state 61


state 87

    (44) expresion -> expresion MAS termino .
    (48) termino -> termino . MULTIPLICACION elemento
    (49) termino -> termino . DIVISION elemento

    MAS             reduce using rule 44 (expresion -> expresion MAS termino .)
    MENOS           reduce using rule 44 (expresion -> expresion MAS termino .)
    MENORI          reduce using rule 44 (expresion -> expresion MAS termino .)
    MENORQ          reduce using rule 44 (expresion -> expresion MAS termino .)
    MAYORQ          reduce using rule 44 (expresion -> expresion MAS termino .)
    MAYORI          reduce using rule 44 (expresion -> expresion MAS termino .)
    IGUALI          reduce using rule 44 (expresion -> expresion MAS termino .)
    DISTINTOQ       reduce using rule 44 (expresion -> expresion MAS termino .)
    OR              reduce using rule 44 (expresion -> expresion MAS termino .)
    AND             reduce using rule 44 (expresion -> expresion MAS termino .)
    PUNTO_Y_COMA    reduce using rule 44 (expresion -> expresion MAS termino .)
    C_PARENTESIS    reduce using rule 44 (expresion -> expresion MAS termino .)
    MULTIPLICACION  shift and go to state 68
    DIVISION        shift and go to state 69


state 88

    (46) expresion -> expresion MENOS termino .
    (48) termino -> termino . MULTIPLICACION elemento
    (49) termino -> termino . DIVISION elemento

    MAS             reduce using rule 46 (expresion -> expresion MENOS termino .)
    MENOS           reduce using rule 46 (expresion -> expresion MENOS termino .)
    MENORI          reduce using rule 46 (expresion -> expresion MENOS termino .)
    MENORQ          reduce using rule 46 (expresion -> expresion MENOS termino .)
    MAYORQ          reduce using rule 46 (expresion -> expresion MENOS termino .)
    MAYORI          reduce using rule 46 (expresion -> expresion MENOS termino .)
    IGUALI          reduce using rule 46 (expresion -> expresion MENOS termino .)
    DISTINTOQ       reduce using rule 46 (expresion -> expresion MENOS termino .)
    OR              reduce using rule 46 (expresion -> expresion MENOS termino .)
    AND             reduce using rule 46 (expresion -> expresion MENOS termino .)
    PUNTO_Y_COMA    reduce using rule 46 (expresion -> expresion MENOS termino .)
    C_PARENTESIS    reduce using rule 46 (expresion -> expresion MENOS termino .)
    MULTIPLICACION  shift and go to state 68
    DIVISION        shift and go to state 69


state 89

    (48) termino -> termino MULTIPLICACION elemento .

    MULTIPLICACION  reduce using rule 48 (termino -> termino MULTIPLICACION elemento .)
    DIVISION        reduce using rule 48 (termino -> termino MULTIPLICACION elemento .)
    MAS             reduce using rule 48 (termino -> termino MULTIPLICACION elemento .)
    MENOS           reduce using rule 48 (termino -> termino MULTIPLICACION elemento .)
    MENORI          reduce using rule 48 (termino -> termino MULTIPLICACION elemento .)
    MENORQ          reduce using rule 48 (termino -> termino MULTIPLICACION elemento .)
    MAYORQ          reduce using rule 48 (termino -> termino MULTIPLICACION elemento .)
    MAYORI          reduce using rule 48 (termino -> termino MULTIPLICACION elemento .)
    IGUALI          reduce using rule 48 (termino -> termino MULTIPLICACION elemento .)
    DISTINTOQ       reduce using rule 48 (termino -> termino MULTIPLICACION elemento .)
    OR              reduce using rule 48 (termino -> termino MULTIPLICACION elemento .)
    AND             reduce using rule 48 (termino -> termino MULTIPLICACION elemento .)
    PUNTO_Y_COMA    reduce using rule 48 (termino -> termino MULTIPLICACION elemento .)
    C_PARENTESIS    reduce using rule 48 (termino -> termino MULTIPLICACION elemento .)


state 90

    (49) termino -> termino DIVISION elemento .

    MULTIPLICACION  reduce using rule 49 (termino -> termino DIVISION elemento .)
    DIVISION        reduce using rule 49 (termino -> termino DIVISION elemento .)
    MAS             reduce using rule 49 (termino -> termino DIVISION elemento .)
    MENOS           reduce using rule 49 (termino -> termino DIVISION elemento .)
    MENORI          reduce using rule 49 (termino -> termino DIVISION elemento .)
    MENORQ          reduce using rule 49 (termino -> termino DIVISION elemento .)
    MAYORQ          reduce using rule 49 (termino -> termino DIVISION elemento .)
    MAYORI          reduce using rule 49 (termino -> termino DIVISION elemento .)
    IGUALI          reduce using rule 49 (termino -> termino DIVISION elemento .)
    DISTINTOQ       reduce using rule 49 (termino -> termino DIVISION elemento .)
    OR              reduce using rule 49 (termino -> termino DIVISION elemento .)
    AND             reduce using rule 49 (termino -> termino DIVISION elemento .)
    PUNTO_Y_COMA    reduce using rule 49 (termino -> termino DIVISION elemento .)
    C_PARENTESIS    reduce using rule 49 (termino -> termino DIVISION elemento .)


state 91

    (51) elemento -> A_PARENTESIS expresion C_PARENTESIS .

    MULTIPLICACION  reduce using rule 51 (elemento -> A_PARENTESIS expresion C_PARENTESIS .)
    DIVISION        reduce using rule 51 (elemento -> A_PARENTESIS expresion C_PARENTESIS .)
    MAS             reduce using rule 51 (elemento -> A_PARENTESIS expresion C_PARENTESIS .)
    MENOS           reduce using rule 51 (elemento -> A_PARENTESIS expresion C_PARENTESIS .)
    MENORI          reduce using rule 51 (elemento -> A_PARENTESIS expresion C_PARENTESIS .)
    MENORQ          reduce using rule 51 (elemento -> A_PARENTESIS expresion C_PARENTESIS .)
    MAYORQ          reduce using rule 51 (elemento -> A_PARENTESIS expresion C_PARENTESIS .)
    MAYORI          reduce using rule 51 (elemento -> A_PARENTESIS expresion C_PARENTESIS .)
    IGUALI          reduce using rule 51 (elemento -> A_PARENTESIS expresion C_PARENTESIS .)
    DISTINTOQ       reduce using rule 51 (elemento -> A_PARENTESIS expresion C_PARENTESIS .)
    OR              reduce using rule 51 (elemento -> A_PARENTESIS expresion C_PARENTESIS .)
    AND             reduce using rule 51 (elemento -> A_PARENTESIS expresion C_PARENTESIS .)
    PUNTO_Y_COMA    reduce using rule 51 (elemento -> A_PARENTESIS expresion C_PARENTESIS .)
    C_PARENTESIS    reduce using rule 51 (elemento -> A_PARENTESIS expresion C_PARENTESIS .)
    C_CORCHETE      reduce using rule 51 (elemento -> A_PARENTESIS expresion C_PARENTESIS .)
    COMA            reduce using rule 51 (elemento -> A_PARENTESIS expresion C_PARENTESIS .)


state 92

    (40) sumar_los_ultimos -> SUMAR_LOS_ULTIMOS A_PARENTESIS N_ENTERO . PUNTO_Y_COMA lista C_PARENTESIS

    PUNTO_Y_COMA    shift and go to state 104


state 93

    (41) contar_binarios -> CONTAR_BINARIOS A_PARENTESIS lista . C_PARENTESIS

    C_PARENTESIS    shift and go to state 105


state 94

    (24) iteracion -> WHILE A_PARENTESIS condicion C_PARENTESIS bloque .

    VARIABLE        reduce using rule 24 (iteracion -> WHILE A_PARENTESIS condicion C_PARENTESIS bloque .)
    WHILE           reduce using rule 24 (iteracion -> WHILE A_PARENTESIS condicion C_PARENTESIS bloque .)
    IF              reduce using rule 24 (iteracion -> WHILE A_PARENTESIS condicion C_PARENTESIS bloque .)
    INIT            reduce using rule 24 (iteracion -> WHILE A_PARENTESIS condicion C_PARENTESIS bloque .)
    READ            reduce using rule 24 (iteracion -> WHILE A_PARENTESIS condicion C_PARENTESIS bloque .)
    WRITE           reduce using rule 24 (iteracion -> WHILE A_PARENTESIS condicion C_PARENTESIS bloque .)
    $end            reduce using rule 24 (iteracion -> WHILE A_PARENTESIS condicion C_PARENTESIS bloque .)
    C_LLAVE         reduce using rule 24 (iteracion -> WHILE A_PARENTESIS condicion C_PARENTESIS bloque .)


state 95

    (37) bloque -> A_LLAVE . programa C_LLAVE
    (2) programa -> . programa sentencia
    (3) programa -> . sentencia
    (4) sentencia -> . asignacion PUNTO_Y_COMA
    (5) sentencia -> . iteracion
    (6) sentencia -> . seleccion
    (7) sentencia -> . bloque_declaracion
    (8) sentencia -> . read PUNTO_Y_COMA
    (9) sentencia -> . write PUNTO_Y_COMA
    (38) asignacion -> . VARIABLE ASIGNACION lista
    (39) asignacion -> . VARIABLE ASIGNACION condicion
    (24) iteracion -> . WHILE A_PARENTESIS condicion C_PARENTESIS bloque
    (22) seleccion -> . IF A_PARENTESIS condicion C_PARENTESIS bloque
    (23) seleccion -> . IF A_PARENTESIS condicion C_PARENTESIS bloque ELSE bloque
    (12) bloque_declaracion -> . INIT A_LLAVE declaraciones C_LLAVE
    (10) read -> . READ A_PARENTESIS elemento C_PARENTESIS
    (11) write -> . WRITE A_PARENTESIS elemento C_PARENTESIS

    VARIABLE        shift and go to state 10
    WHILE           shift and go to state 11
    IF              shift and go to state 12
    INIT            shift and go to state 13
    READ            shift and go to state 14
    WRITE           shift and go to state 15

    programa                       shift and go to state 106
    sentencia                      shift and go to state 3
    asignacion                     shift and go to state 4
    iteracion                      shift and go to state 5
    seleccion                      shift and go to state 6
    bloque_declaracion             shift and go to state 7
    read                           shift and go to state 8
    write                          shift and go to state 9

state 96

    (22) seleccion -> IF A_PARENTESIS condicion C_PARENTESIS bloque .
    (23) seleccion -> IF A_PARENTESIS condicion C_PARENTESIS bloque . ELSE bloque

    VARIABLE        reduce using rule 22 (seleccion -> IF A_PARENTESIS condicion C_PARENTESIS bloque .)
    WHILE           reduce using rule 22 (seleccion -> IF A_PARENTESIS condicion C_PARENTESIS bloque .)
    IF              reduce using rule 22 (seleccion -> IF A_PARENTESIS condicion C_PARENTESIS bloque .)
    INIT            reduce using rule 22 (seleccion -> IF A_PARENTESIS condicion C_PARENTESIS bloque .)
    READ            reduce using rule 22 (seleccion -> IF A_PARENTESIS condicion C_PARENTESIS bloque .)
    WRITE           reduce using rule 22 (seleccion -> IF A_PARENTESIS condicion C_PARENTESIS bloque .)
    $end            reduce using rule 22 (seleccion -> IF A_PARENTESIS condicion C_PARENTESIS bloque .)
    C_LLAVE         reduce using rule 22 (seleccion -> IF A_PARENTESIS condicion C_PARENTESIS bloque .)
    ELSE            shift and go to state 107


state 97

    (15) declaracion -> lista_variables DOS_PUNTOS tipo_dato . PUNTO_Y_COMA

    PUNTO_Y_COMA    shift and go to state 108


state 98

    (18) tipo_dato -> FLOAT .

    PUNTO_Y_COMA    reduce using rule 18 (tipo_dato -> FLOAT .)


state 99

    (19) tipo_dato -> INT .

    PUNTO_Y_COMA    reduce using rule 19 (tipo_dato -> INT .)


state 100

    (20) tipo_dato -> STR .

    PUNTO_Y_COMA    reduce using rule 20 (tipo_dato -> STR .)


state 101

    (21) tipo_dato -> BIN .

    PUNTO_Y_COMA    reduce using rule 21 (tipo_dato -> BIN .)


state 102

    (17) lista_variables -> lista_variables COMA VARIABLE .

    DOS_PUNTOS      reduce using rule 17 (lista_variables -> lista_variables COMA VARIABLE .)
    COMA            reduce using rule 17 (lista_variables -> lista_variables COMA VARIABLE .)


state 103

    (52) elementos -> elementos COMA elemento .

    C_CORCHETE      reduce using rule 52 (elementos -> elementos COMA elemento .)
    COMA            reduce using rule 52 (elementos -> elementos COMA elemento .)


state 104

    (40) sumar_los_ultimos -> SUMAR_LOS_ULTIMOS A_PARENTESIS N_ENTERO PUNTO_Y_COMA . lista C_PARENTESIS
    (42) lista -> . A_CORCHETE elementos C_CORCHETE
    (43) lista -> . A_CORCHETE C_CORCHETE

    A_CORCHETE      shift and go to state 29

    lista                          shift and go to state 109

state 105

    (41) contar_binarios -> CONTAR_BINARIOS A_PARENTESIS lista C_PARENTESIS .

    MULTIPLICACION  reduce using rule 41 (contar_binarios -> CONTAR_BINARIOS A_PARENTESIS lista C_PARENTESIS .)
    DIVISION        reduce using rule 41 (contar_binarios -> CONTAR_BINARIOS A_PARENTESIS lista C_PARENTESIS .)
    MAS             reduce using rule 41 (contar_binarios -> CONTAR_BINARIOS A_PARENTESIS lista C_PARENTESIS .)
    MENOS           reduce using rule 41 (contar_binarios -> CONTAR_BINARIOS A_PARENTESIS lista C_PARENTESIS .)
    MENORI          reduce using rule 41 (contar_binarios -> CONTAR_BINARIOS A_PARENTESIS lista C_PARENTESIS .)
    MENORQ          reduce using rule 41 (contar_binarios -> CONTAR_BINARIOS A_PARENTESIS lista C_PARENTESIS .)
    MAYORQ          reduce using rule 41 (contar_binarios -> CONTAR_BINARIOS A_PARENTESIS lista C_PARENTESIS .)
    MAYORI          reduce using rule 41 (contar_binarios -> CONTAR_BINARIOS A_PARENTESIS lista C_PARENTESIS .)
    IGUALI          reduce using rule 41 (contar_binarios -> CONTAR_BINARIOS A_PARENTESIS lista C_PARENTESIS .)
    DISTINTOQ       reduce using rule 41 (contar_binarios -> CONTAR_BINARIOS A_PARENTESIS lista C_PARENTESIS .)
    OR              reduce using rule 41 (contar_binarios -> CONTAR_BINARIOS A_PARENTESIS lista C_PARENTESIS .)
    AND             reduce using rule 41 (contar_binarios -> CONTAR_BINARIOS A_PARENTESIS lista C_PARENTESIS .)
    PUNTO_Y_COMA    reduce using rule 41 (contar_binarios -> CONTAR_BINARIOS A_PARENTESIS lista C_PARENTESIS .)
    C_PARENTESIS    reduce using rule 41 (contar_binarios -> CONTAR_BINARIOS A_PARENTESIS lista C_PARENTESIS .)
    C_CORCHETE      reduce using rule 41 (contar_binarios -> CONTAR_BINARIOS A_PARENTESIS lista C_PARENTESIS .)
    COMA            reduce using rule 41 (contar_binarios -> CONTAR_BINARIOS A_PARENTESIS lista C_PARENTESIS .)


state 106

    (37) bloque -> A_LLAVE programa . C_LLAVE
    (2) programa -> programa . sentencia
    (4) sentencia -> . asignacion PUNTO_Y_COMA
    (5) sentencia -> . iteracion
    (6) sentencia -> . seleccion
    (7) sentencia -> . bloque_declaracion
    (8) sentencia -> . read PUNTO_Y_COMA
    (9) sentencia -> . write PUNTO_Y_COMA
    (38) asignacion -> . VARIABLE ASIGNACION lista
    (39) asignacion -> . VARIABLE ASIGNACION condicion
    (24) iteracion -> . WHILE A_PARENTESIS condicion C_PARENTESIS bloque
    (22) seleccion -> . IF A_PARENTESIS condicion C_PARENTESIS bloque
    (23) seleccion -> . IF A_PARENTESIS condicion C_PARENTESIS bloque ELSE bloque
    (12) bloque_declaracion -> . INIT A_LLAVE declaraciones C_LLAVE
    (10) read -> . READ A_PARENTESIS elemento C_PARENTESIS
    (11) write -> . WRITE A_PARENTESIS elemento C_PARENTESIS

    C_LLAVE         shift and go to state 110
    VARIABLE        shift and go to state 10
    WHILE           shift and go to state 11
    IF              shift and go to state 12
    INIT            shift and go to state 13
    READ            shift and go to state 14
    WRITE           shift and go to state 15

    sentencia                      shift and go to state 16
    asignacion                     shift and go to state 4
    iteracion                      shift and go to state 5
    seleccion                      shift and go to state 6
    bloque_declaracion             shift and go to state 7
    read                           shift and go to state 8
    write                          shift and go to state 9

state 107

    (23) seleccion -> IF A_PARENTESIS condicion C_PARENTESIS bloque ELSE . bloque
    (37) bloque -> . A_LLAVE programa C_LLAVE

    A_LLAVE         shift and go to state 95

    bloque                         shift and go to state 111

state 108

    (15) declaracion -> lista_variables DOS_PUNTOS tipo_dato PUNTO_Y_COMA .

    C_LLAVE         reduce using rule 15 (declaracion -> lista_variables DOS_PUNTOS tipo_dato PUNTO_Y_COMA .)
    VARIABLE        reduce using rule 15 (declaracion -> lista_variables DOS_PUNTOS tipo_dato PUNTO_Y_COMA .)


state 109

    (40) sumar_los_ultimos -> SUMAR_LOS_ULTIMOS A_PARENTESIS N_ENTERO PUNTO_Y_COMA lista . C_PARENTESIS

    C_PARENTESIS    shift and go to state 112


state 110

    (37) bloque -> A_LLAVE programa C_LLAVE .

    VARIABLE        reduce using rule 37 (bloque -> A_LLAVE programa C_LLAVE .)
    WHILE           reduce using rule 37 (bloque -> A_LLAVE programa C_LLAVE .)
    IF              reduce using rule 37 (bloque -> A_LLAVE programa C_LLAVE .)
    INIT            reduce using rule 37 (bloque -> A_LLAVE programa C_LLAVE .)
    READ            reduce using rule 37 (bloque -> A_LLAVE programa C_LLAVE .)
    WRITE           reduce using rule 37 (bloque -> A_LLAVE programa C_LLAVE .)
    $end            reduce using rule 37 (bloque -> A_LLAVE programa C_LLAVE .)
    C_LLAVE         reduce using rule 37 (bloque -> A_LLAVE programa C_LLAVE .)
    ELSE            reduce using rule 37 (bloque -> A_LLAVE programa C_LLAVE .)


state 111

    (23) seleccion -> IF A_PARENTESIS condicion C_PARENTESIS bloque ELSE bloque .

    VARIABLE        reduce using rule 23 (seleccion -> IF A_PARENTESIS condicion C_PARENTESIS bloque ELSE bloque .)
    WHILE           reduce using rule 23 (seleccion -> IF A_PARENTESIS condicion C_PARENTESIS bloque ELSE bloque .)
    IF              reduce using rule 23 (seleccion -> IF A_PARENTESIS condicion C_PARENTESIS bloque ELSE bloque .)
    INIT            reduce using rule 23 (seleccion -> IF A_PARENTESIS condicion C_PARENTESIS bloque ELSE bloque .)
    READ            reduce using rule 23 (seleccion -> IF A_PARENTESIS condicion C_PARENTESIS bloque ELSE bloque .)
    WRITE           reduce using rule 23 (seleccion -> IF A_PARENTESIS condicion C_PARENTESIS bloque ELSE bloque .)
    $end            reduce using rule 23 (seleccion -> IF A_PARENTESIS condicion C_PARENTESIS bloque ELSE bloque .)
    C_LLAVE         reduce using rule 23 (seleccion -> IF A_PARENTESIS condicion C_PARENTESIS bloque ELSE bloque .)


state 112

    (40) sumar_los_ultimos -> SUMAR_LOS_ULTIMOS A_PARENTESIS N_ENTERO PUNTO_Y_COMA lista C_PARENTESIS .

    MULTIPLICACION  reduce using rule 40 (sumar_los_ultimos -> SUMAR_LOS_ULTIMOS A_PARENTESIS N_ENTERO PUNTO_Y_COMA lista C_PARENTESIS .)
    DIVISION        reduce using rule 40 (sumar_los_ultimos -> SUMAR_LOS_ULTIMOS A_PARENTESIS N_ENTERO PUNTO_Y_COMA lista C_PARENTESIS .)
    MAS             reduce using rule 40 (sumar_los_ultimos -> SUMAR_LOS_ULTIMOS A_PARENTESIS N_ENTERO PUNTO_Y_COMA lista C_PARENTESIS .)
    MENOS           reduce using rule 40 (sumar_los_ultimos -> SUMAR_LOS_ULTIMOS A_PARENTESIS N_ENTERO PUNTO_Y_COMA lista C_PARENTESIS .)
    MENORI          reduce using rule 40 (sumar_los_ultimos -> SUMAR_LOS_ULTIMOS A_PARENTESIS N_ENTERO PUNTO_Y_COMA lista C_PARENTESIS .)
    MENORQ          reduce using rule 40 (sumar_los_ultimos -> SUMAR_LOS_ULTIMOS A_PARENTESIS N_ENTERO PUNTO_Y_COMA lista C_PARENTESIS .)
    MAYORQ          reduce using rule 40 (sumar_los_ultimos -> SUMAR_LOS_ULTIMOS A_PARENTESIS N_ENTERO PUNTO_Y_COMA lista C_PARENTESIS .)
    MAYORI          reduce using rule 40 (sumar_los_ultimos -> SUMAR_LOS_ULTIMOS A_PARENTESIS N_ENTERO PUNTO_Y_COMA lista C_PARENTESIS .)
    IGUALI          reduce using rule 40 (sumar_los_ultimos -> SUMAR_LOS_ULTIMOS A_PARENTESIS N_ENTERO PUNTO_Y_COMA lista C_PARENTESIS .)
    DISTINTOQ       reduce using rule 40 (sumar_los_ultimos -> SUMAR_LOS_ULTIMOS A_PARENTESIS N_ENTERO PUNTO_Y_COMA lista C_PARENTESIS .)
    OR              reduce using rule 40 (sumar_los_ultimos -> SUMAR_LOS_ULTIMOS A_PARENTESIS N_ENTERO PUNTO_Y_COMA lista C_PARENTESIS .)
    AND             reduce using rule 40 (sumar_los_ultimos -> SUMAR_LOS_ULTIMOS A_PARENTESIS N_ENTERO PUNTO_Y_COMA lista C_PARENTESIS .)
    PUNTO_Y_COMA    reduce using rule 40 (sumar_los_ultimos -> SUMAR_LOS_ULTIMOS A_PARENTESIS N_ENTERO PUNTO_Y_COMA lista C_PARENTESIS .)
    C_PARENTESIS    reduce using rule 40 (sumar_los_ultimos -> SUMAR_LOS_ULTIMOS A_PARENTESIS N_ENTERO PUNTO_Y_COMA lista C_PARENTESIS .)
    C_CORCHETE      reduce using rule 40 (sumar_los_ultimos -> SUMAR_LOS_ULTIMOS A_PARENTESIS N_ENTERO PUNTO_Y_COMA lista C_PARENTESIS .)
    COMA            reduce using rule 40 (sumar_los_ultimos -> SUMAR_LOS_ULTIMOS A_PARENTESIS N_ENTERO PUNTO_Y_COMA lista C_PARENTESIS .)

